<?xml version="1.0" encoding="UTF-8"?>
<!-- Generated by org.testng.reporters.JUnitXMLReporter -->
<testsuite hostname="LAPTOP-HL4REAJM" ignored="2" name="Test1" tests="21" failures="0" timestamp="31 Oct 2020 05:27:45 GMT" time="85.184" errors="0">
  <testcase name="VerifycarloanData" time="1.531" classname="TestCases.Scenario1"/>
  <testcase name="VerifycarloanData" time="1.864" classname="TestCases.Scenario1"/>
  <testcase name="VerifycarloanData" time="1.409" classname="TestCases.Scenario1"/>
  <testcase name="VerifycarloanData" time="1.215" classname="TestCases.Scenario1"/>
  <testcase name="VerifycarloanData" time="1.077" classname="TestCases.Scenario1"/>
  <testcase name="VerifycarloanData" time="1.068" classname="TestCases.Scenario1"/>
  <testcase name="VerifycarloanData" time="1.631" classname="TestCases.Scenario1"/>
  <testcase name="VerifycarloanData" time="1.147" classname="TestCases.Scenario1"/>
  <testcase name="VerifyhomeloanemiData" time="2.426" classname="TestCases.Scenario2"/>
  <testcase name="VerifyhomeloanemiData" time="2.011" classname="TestCases.Scenario2"/>
  <testcase name="VerifyhomeloanemiData" time="2.256" classname="TestCases.Scenario2"/>
  <testcase name="VerifyhomeloanemiData" time="2.135" classname="TestCases.Scenario2"/>
  <testcase name="VerifyhomeloanemiData" time="2.08" classname="TestCases.Scenario2"/>
  <testcase name="VerifyhomeloanemiData" time="1.979" classname="TestCases.Scenario2"/>
  <testcase name="VerifyhomeloanemiData" time="2.118" classname="TestCases.Scenario2"/>
  <testcase name="VerifyhomeloanemiData" time="2.167" classname="TestCases.Scenario2"/>
  <testcase name="VerifyhomeloanemiData" time="2.049" classname="TestCases.Scenario2"/>
  <testcase name="VerifyhomeloanemiData" time="2.148" classname="TestCases.Scenario2"/>
  <testcase name="VerifyloancalculatorData" time="1.505" classname="TestCases.Scenario3"/>
  <testcase name="VerifyloancalculatorData" time="1.163" classname="TestCases.Scenario3"/>
  <testcase name="VerifyloancalculatorData" time="1.15" classname="TestCases.Scenario3"/>
  <testcase name="@AfterSuite flushReports" time="0.0" classname="BaseClass.BaseUi">
    <ignored/>
  </testcase> <!-- @AfterSuite flushReports -->
  <testcase name="@AfterSuite flushReports" time="0.0" classname="BaseClass.BaseUi">
    <ignored/>
  </testcase> <!-- @AfterSuite flushReports -->
</testsuite> <!-- Test1 -->
